Arguments: 
  /usr/bin/node /usr/bin/yarn start

PATH: 
  /home/waf3q/.asdf/shims:/home/waf3q/.asdf/bin:/sbin:/bin:/usr/sbin:/usr/bin:/usr/local/bin:/snap/bin

Yarn version: 
  1.5.1

Node version: 
  8.11.4

Platform: 
  linux x64

npm manifest: 
  No manifest

yarn manifest: 
  No manifest

Lockfile: 
  No lockfile

Trace: 
  Error: Couldn't find a package.json file in "/home/waf3q/Desktop/threat_actors"
      at new MessageError (/usr/lib64/node_modules/yarn/lib/cli.js:186:110)
      at /usr/lib64/node_modules/yarn/lib/cli.js:40048:15
      at Generator.next (<anonymous>)
      at step (/usr/lib64/node_modules/yarn/lib/cli.js:98:30)
      at /usr/lib64/node_modules/yarn/lib/cli.js:109:13
      at <anonymous>
